Piano key frequencies initialized at 0x73516cb7b7a0
Frequency Names initialized 
[ENOTTY] Not a typewriter
           Exit:Info >Catching signal: SIGINT
           Exit:Info >Catching signal: SIGHUP
           Exit:Info >Catching signal: SIGABRT
           Exit:Info >Catching signal: SIGTERM
         Config:Info >Program name: Rtsp
      Semaphore:Info >initializing the semaphore facility
      Semaphore:Info >using semaphore key 64485
[EEXIST] File exists
      Semaphore:Info >attached to semaphore set 1
            Shm:Info >pre-init shared memory size: 48000
            Shm:Info >pre-init shared memory size: 48000
            Shm:Info >pre-init shared memory size: 3208
    Shared Data:Info >allocating shared memory for IPC 0
[EEXIST] File exists
            Shm:Info >attaching to id: 917508
            Shm:Info >Shared Memory data structure Shm
            Id    : 0
            Addr  : 0x73516c9ab000
            shmid : 917508
            Key   : 26211
            Bytes : 3208
            blocks: 401
             Exist: true

    Shared Data:Info >check shared memory version
    Shared Data:Info >OK
            Shm:Info >pre-init shared memory size: 3208
    Shared Data:Info >allocating shared memory for IPC 1
[EEXIST] File exists
            Shm:Info >attaching to id: 917509
            Shm:Info >Shared Memory data structure Shm
            Id    : 1
            Addr  : 0x73516c9aa000
            shmid : 917509
            Key   : 26212
            Bytes : 3208
            blocks: 401
             Exist: true

    Shared Data:Info >check shared memory version
    Shared Data:Info >OK
            Shm:Info >pre-init shared memory size: 3208
    Shared Data:Info >allocating shared memory for IPC 2
[EEXIST] File exists
            Shm:Info >attaching to id: 917510
            Shm:Info >Shared Memory data structure Shm
            Id    : 2
            Addr  : 0x73516c9a9000
            shmid : 917510
            Key   : 26213
            Bytes : 3208
            blocks: 401
             Exist: true

    Shared Data:Info >check shared memory version
    Shared Data:Info >OK
            Shm:Info >pre-init shared memory size: 3208
    Shared Data:Info >allocating shared memory for IPC 3
[EEXIST] File exists
            Shm:Info >attaching to id: 917511
            Shm:Info >Shared Memory data structure Shm
            Id    : 3
            Addr  : 0x73516c9a8000
            shmid : 917511
            Key   : 26214
            Bytes : 3208
            blocks: 401
             Exist: true

    Shared Data:Info >check shared memory version
    Shared Data:Info >OK
App Id:  5
    Application:Info >Ocean Sound Rtsp Version: 3.8.3 initialized 
           Time:Info >2025-07-27 15:10:19.884839194 CEST
         Config:Info >Evaluating 2 startup arguments
Rtsp properties.....Property             Value                
                    Application id       5                    
                    Name                 Rtsp                 
                    Start once           1                    
                    Data process         0                    
                    Logfile owner        1                    
                    Keyboard             0                    
       Appstate:Info >announcing application Rtsp
    Application:Info >Initialize Log file 
    Application:Info >---------------------------------------------------------
    Application:Info >Entering application init for Ocean Sound Rtsp Version: 3.8.3
    Application:Info >---------------------------------------------------------
synthesizer.cfg.....Config Entry         Value                
                    sampline rate        48000                
                    device nr            0                    
                    channel offs         0                    
                    test classes         n                    
                    dialog mode          n                    
                    composer             y                    
                    oceangui             n                    
                    Id3tool Title        Experimental         
                    Id3tool Author       U-G                  
                    Id3tool Album        Ocean Sound          
                    Id3tool Genre        Alternative          
                    MAXWAVFILES          2                    
                    Terminal             xterm -geometry 80x31 -bg white -fg black -e 
                    shm key              18                   
                    sds_key              26211                
                    sem_key              64485                
                    sds keys             26211 26212 26213 26214  
                    SHM_key left         18                   
                    SHM key right        19                   
                    ffmpeg               ffmpeg -loglevel 16  
                    temp storage sec     40                   
                    keyboard storage sec 8                    
                    record storage sec   200                  
                    Install directory                         
                    File name                                 
           Rtsp:Info >RTSP is RUNNING
         Config:Info >command: nohup /home/sirius/OceanDev/bin/Synthesizer  -S 0 2>&1 > /home/sirius/OceanDev/tmp/nohup.log &
tcsetattr(): Inappropriate ioctl for device
tcsetattr(): Inappropriate ioctl for device
tcsetattr ICANON: Inappropriate ioctl for device
tcsetattr(): Inappropriate ioctl for device
tcsetattr(): Inappropriate ioctl for device
tcsetattr ICANON: Inappropriate ioctl for device
           Rtsp:Info >waiting for release of SEMAPHORE_STARTED
         Config:Info >command: nohup /home/sirius/OceanDev/bin/AudioServer -S 0 2>&1 >> /home/sirius/OceanDev/tmp/nohup.log &
           Rtsp:Info >waiting for release of SEMAPHORE_EXIT
           Rtsp:Info >Receiver signal to stop
           Rtsp:Info >Receiver signal to stop
~Application
           Time:Info >2025-07-27 15:10:49.357441726 CEST
visited ~Dataworld
visited ~Exit_class
tcsetattr ~ICANON: Inappropriate ioctl for device
tcsetattr ~ICANON: Inappropriate ioctl for device
~Application
terminate called without an active exception
Piano key frequencies initialized at 0x7102f453c7a0
Frequency Names initialized 
[ENOTTY] Not a typewriter
           Exit:Info >Catching signal: SIGINT
           Exit:Info >Catching signal: SIGHUP
           Exit:Info >Catching signal: SIGABRT
           Exit:Info >Catching signal: SIGTERM
         Config:Info >Program name: Rtsp
      Semaphore:Info >initializing the semaphore facility
      Semaphore:Info >using semaphore key 64485
[EEXIST] File exists
      Semaphore:Info >attached to semaphore set 1
            Shm:Info >pre-init shared memory size: 48000
            Shm:Info >pre-init shared memory size: 48000
            Shm:Info >pre-init shared memory size: 3208
    Shared Data:Info >allocating shared memory for IPC 0
[EEXIST] File exists
            Shm:Info >attaching to id: 917508
            Shm:Info >Shared Memory data structure Shm
            Id    : 0
            Addr  : 0x7102f436c000
            shmid : 917508
            Key   : 26211
            Bytes : 3208
            blocks: 401
             Exist: true

    Shared Data:Info >check shared memory version
    Shared Data:Info >OK
            Shm:Info >pre-init shared memory size: 3208
    Shared Data:Info >allocating shared memory for IPC 1
[EEXIST] File exists
            Shm:Info >attaching to id: 917509
            Shm:Info >Shared Memory data structure Shm
            Id    : 1
            Addr  : 0x7102f436b000
            shmid : 917509
            Key   : 26212
            Bytes : 3208
            blocks: 401
             Exist: true

    Shared Data:Info >check shared memory version
    Shared Data:Info >OK
            Shm:Info >pre-init shared memory size: 3208
    Shared Data:Info >allocating shared memory for IPC 2
[EEXIST] File exists
            Shm:Info >attaching to id: 917510
            Shm:Info >Shared Memory data structure Shm
            Id    : 2
            Addr  : 0x7102f436a000
            shmid : 917510
            Key   : 26213
            Bytes : 3208
            blocks: 401
             Exist: true

    Shared Data:Info >check shared memory version
    Shared Data:Info >OK
            Shm:Info >pre-init shared memory size: 3208
    Shared Data:Info >allocating shared memory for IPC 3
[EEXIST] File exists
            Shm:Info >attaching to id: 917511
            Shm:Info >Shared Memory data structure Shm
            Id    : 3
            Addr  : 0x7102f4369000
            shmid : 917511
            Key   : 26214
            Bytes : 3208
            blocks: 401
             Exist: true

    Shared Data:Info >check shared memory version
    Shared Data:Info >OK
App Id:  5
    Application:Info >Ocean Sound Rtsp Version: 3.8.3 initialized 
           Time:Info >2025-07-27 15:10:58.698177186 CEST
         Config:Info >Evaluating 2 startup arguments
Rtsp properties.....Property             Value                
                    Application id       5                    
                    Name                 Rtsp                 
                    Start once           1                    
                    Data process         0                    
                    Logfile owner        1                    
                    Keyboard             0                    
       Appstate:Info >announcing application Rtsp
    Application:Info >Initialize Log file 
    Application:Info >---------------------------------------------------------
    Application:Info >Entering application init for Ocean Sound Rtsp Version: 3.8.3
    Application:Info >---------------------------------------------------------
synthesizer.cfg.....Config Entry         Value                
                    sampline rate        48000                
                    device nr            0                    
                    channel offs         0                    
                    test classes         n                    
                    dialog mode          n                    
                    composer             y                    
                    oceangui             n                    
                    Id3tool Title        Experimental         
                    Id3tool Author       U-G                  
                    Id3tool Album        Ocean Sound          
                    Id3tool Genre        Alternative          
                    MAXWAVFILES          2                    
                    Terminal             xterm -geometry 80x31 -bg white -fg black -e 
                    shm key              18                   
                    sds_key              26211                
                    sem_key              64485                
                    sds keys             26211 26212 26213 26214  
                    SHM_key left         18                   
                    SHM key right        19                   
                    ffmpeg               ffmpeg -loglevel 16  
                    temp storage sec     40                   
                    keyboard storage sec 8                    
                    record storage sec   200                  
                    Install directory                         
                    File name                                 
           Rtsp:Info >RTSP is RUNNING
         Config:Info >command: nohup /home/sirius/OceanDev/bin/Synthesizer  -S 0 2>&1 > /home/sirius/OceanDev/tmp/nohup.log &
tcsetattr(): Inappropriate ioctl for device
tcsetattr(): Inappropriate ioctl for device
tcsetattr ICANON: Inappropriate ioctl for device
tcsetattr(): Inappropriate ioctl for device
tcsetattr(): Inappropriate ioctl for device
tcsetattr ICANON: Inappropriate ioctl for device
           Rtsp:Info >waiting for release of SEMAPHORE_STARTED
         Config:Info >command: nohup /home/sirius/OceanDev/bin/AudioServer -S 0 2>&1 >> /home/sirius/OceanDev/tmp/nohup.log &
           Rtsp:Info >waiting for release of SEMAPHORE_EXIT
           Rtsp:Info >Receiver signal to stop
           Rtsp:Info >Receiver signal to stop
       Appstate:Info >Application is already in exit state
~Application
           Rtsp:Info >Entering exit procedure by signal 1

           Rtsp:Info >Reaching RTSP exit 
visited ~Dataworld
visited ~Exit_class

tcsetattr ~ICANON: Inappropriate ioctl for device
tcsetattr ~ICANON: Inappropriate ioctl for device
~Application
terminate called after throwing an instance of 'std::system_error'
  what():  Resource deadlock avoided
terminate called recursively
Piano key frequencies initialized at 0x7c82385d37a0
Frequency Names initialized 
[ENOTTY] Not a typewriter
           Exit:Info >Catching signal: SIGINT
           Exit:Info >Catching signal: SIGHUP
           Exit:Info >Catching signal: SIGABRT
           Exit:Info >Catching signal: SIGTERM
         Config:Info >Program name: Rtsp
      Semaphore:Info >initializing the semaphore facility
      Semaphore:Info >using semaphore key 64485
[EEXIST] File exists
      Semaphore:Info >attached to semaphore set 1
            Shm:Info >pre-init shared memory size: 48000
            Shm:Info >pre-init shared memory size: 48000
            Shm:Info >pre-init shared memory size: 3208
    Shared Data:Info >allocating shared memory for IPC 0
[EEXIST] File exists
            Shm:Info >attaching to id: 917508
            Shm:Info >Shared Memory data structure Shm
            Id    : 0
            Addr  : 0x7c8238403000
            shmid : 917508
            Key   : 26211
            Bytes : 3208
            blocks: 401
             Exist: true

    Shared Data:Info >check shared memory version
    Shared Data:Info >OK
            Shm:Info >pre-init shared memory size: 3208
    Shared Data:Info >allocating shared memory for IPC 1
[EEXIST] File exists
            Shm:Info >attaching to id: 917509
            Shm:Info >Shared Memory data structure Shm
            Id    : 1
            Addr  : 0x7c8238402000
            shmid : 917509
            Key   : 26212
            Bytes : 3208
            blocks: 401
             Exist: true

    Shared Data:Info >check shared memory version
    Shared Data:Info >OK
            Shm:Info >pre-init shared memory size: 3208
    Shared Data:Info >allocating shared memory for IPC 2
[EEXIST] File exists
            Shm:Info >attaching to id: 917510
            Shm:Info >Shared Memory data structure Shm
            Id    : 2
            Addr  : 0x7c8238401000
            shmid : 917510
            Key   : 26213
            Bytes : 3208
            blocks: 401
             Exist: true

    Shared Data:Info >check shared memory version
    Shared Data:Info >OK
            Shm:Info >pre-init shared memory size: 3208
    Shared Data:Info >allocating shared memory for IPC 3
[EEXIST] File exists
            Shm:Info >attaching to id: 917511
            Shm:Info >Shared Memory data structure Shm
            Id    : 3
            Addr  : 0x7c8238400000
            shmid : 917511
            Key   : 26214
            Bytes : 3208
            blocks: 401
             Exist: true

    Shared Data:Info >check shared memory version
    Shared Data:Info >OK
App Id:  5
    Application:Info >Ocean Sound Rtsp Version: 3.8.3 initialized 
           Time:Info >2025-07-27 15:11:33.209089443 CEST
         Config:Info >Evaluating 2 startup arguments
Rtsp properties.....Property             Value                
                    Application id       5                    
                    Name                 Rtsp                 
                    Start once           1                    
                    Data process         0                    
                    Logfile owner        1                    
                    Keyboard             0                    
       Appstate:Info >announcing application Rtsp
    Application:Info >Initialize Log file 
    Application:Info >---------------------------------------------------------
    Application:Info >Entering application init for Ocean Sound Rtsp Version: 3.8.3
    Application:Info >---------------------------------------------------------
synthesizer.cfg.....Config Entry         Value                
                    sampline rate        48000                
                    device nr            0                    
                    channel offs         0                    
                    test classes         n                    
                    dialog mode          n                    
                    composer             y                    
                    oceangui             n                    
                    Id3tool Title        Experimental         
                    Id3tool Author       U-G                  
                    Id3tool Album        Ocean Sound          
                    Id3tool Genre        Alternative          
                    MAXWAVFILES          2                    
                    Terminal             xterm -geometry 80x31 -bg white -fg black -e 
                    shm key              18                   
                    sds_key              26211                
                    sem_key              64485                
                    sds keys             26211 26212 26213 26214  
                    SHM_key left         18                   
                    SHM key right        19                   
                    ffmpeg               ffmpeg -loglevel 16  
                    temp storage sec     40                   
                    keyboard storage sec 8                    
                    record storage sec   200                  
                    Install directory                         
                    File name                                 
           Rtsp:Info >RTSP is RUNNING
         Config:Info >command: nohup /home/sirius/OceanDev/bin/Synthesizer  -S 0 2>&1 > /home/sirius/OceanDev/tmp/nohup.log &
tcsetattr(): Inappropriate ioctl for device
tcsetattr(): Inappropriate ioctl for device
tcsetattr ICANON: Inappropriate ioctl for device
tcsetattr(): Inappropriate ioctl for device
tcsetattr(): Inappropriate ioctl for device
tcsetattr ICANON: Inappropriate ioctl for device
           Rtsp:Info >waiting for release of SEMAPHORE_STARTED
         Config:Info >command: nohup /home/sirius/OceanDev/bin/AudioServer -S 0 2>&1 >> /home/sirius/OceanDev/tmp/nohup.log &
           Rtsp:Info >waiting for release of SEMAPHORE_EXIT
           Rtsp:Info >Receiver signal to stop
       Appstate:Info >Application is already in exit state
sh: 1: kill: No such process

An application exception occured 
See above the detail, or visit the Synthesizer.log file for more information
Press <Ctrl>d to enter the common exit procedure
 kill 21884
check out system error message 
~Application
           Time:Info >2025-07-27 15:12:15.260153377 CEST
visited ~Dataworld
visited ~Exit_class
terminate called after throwing an instance of 'std::system_error'
  what():  Invalid argument
terminate called recursively
Assertion 'pa_atomic_load(&(c)->_ref) >= 1' failed at ../src/pulse/context.c:1088, function pa_context_get_state(). Aborting.
Assertion 'pthread_mutex_destroy(&m->mutex) == 0' failed at ../src/pulsecore/mutex-posix.c:85, function pa_mutex_free(). Aborting.
